
August 16, 2011, 7:16 am: main.php  loaded

August 16, 2011, 7:16 am: connected to database successfully

August 16, 2011, 7:16 am: Inserted the user with the following data :: Username = Guest-99w And ID = 1313857762 Default status  = I am available

August 16, 2011, 7:18 am: main.php  loaded

August 16, 2011, 7:18 am: connected to database successfully

August 16, 2011, 7:19 am: main.php  loaded

August 16, 2011, 7:19 am: connected to database successfully

August 16, 2011, 7:19 am: Inserted the user with the following data :: Username = Guest-99fi And ID = 1313823306 Default status  = I am available

August 16, 2011, 7:19 am: connected to database successfully

August 16, 2011, 7:19 am: connected to database successfully

August 16, 2011, 7:19 am: connected to database successfully

August 16, 2011, 7:19 am: connected to database successfully

August 16, 2011, 7:19 am: connected to database successfully

August 16, 2011, 7:19 am: connected to database successfully

August 16, 2011, 7:19 am: connected to database successfully

August 16, 2011, 7:19 am: connected to database successfully

August 16, 2011, 7:19 am: connected to database successfully

August 16, 2011, 7:20 am: connected to database successfully

August 16, 2011, 7:20 am: connected to database successfully

August 16, 2011, 7:20 am: connected to database successfully

August 16, 2011, 7:20 am: connected to database successfully

August 16, 2011, 7:20 am: connected to database successfully

August 16, 2011, 7:20 am: connected to database successfully

August 16, 2011, 7:20 am: connected to database successfully

August 16, 2011, 7:20 am: connected to database successfully

August 16, 2011, 7:20 am: connected to database successfully

August 16, 2011, 7:20 am: connected to database successfully

August 16, 2011, 7:20 am: connected to database successfully

August 16, 2011, 7:20 am: connected to database successfully

August 16, 2011, 7:21 am: connected to database successfully

August 16, 2011, 7:21 am: connected to database successfully

August 16, 2011, 7:21 am: connected to database successfully

August 16, 2011, 7:21 am: connected to database successfully

August 16, 2011, 7:21 am: connected to database successfully

August 16, 2011, 7:21 am: connected to database successfully

August 16, 2011, 7:21 am: connected to database successfully

August 16, 2011, 7:21 am: connected to database successfully

August 16, 2011, 7:21 am: connected to database successfully

August 16, 2011, 7:21 am: connected to database successfully

August 16, 2011, 7:21 am: connected to database successfully

August 16, 2011, 7:21 am: connected to database successfully

August 16, 2011, 7:22 am: connected to database successfully

August 16, 2011, 7:22 am: connected to database successfully

August 16, 2011, 7:22 am: connected to database successfully

August 16, 2011, 7:22 am: connected to database successfully

August 16, 2011, 7:22 am: connected to database successfully

August 16, 2011, 7:22 am: connected to database successfully

August 16, 2011, 7:22 am: connected to database successfully

August 16, 2011, 7:22 am: connected to database successfully

August 16, 2011, 7:22 am: connected to database successfully

August 16, 2011, 7:22 am: connected to database successfully

August 16, 2011, 7:23 am: connected to database successfully

August 16, 2011, 7:24 am: connected to database successfully

August 16, 2011, 7:25 am: connected to database successfully

August 16, 2011, 7:26 am: connected to database successfully

August 16, 2011, 7:31 am: main.php  loaded

August 16, 2011, 7:31 am: connected to database successfully

August 16, 2011, 7:31 am: Inserted the user with the following data :: Username = Guest-99fi And ID = 1313823306 Default status  = I am available

August 16, 2011, 7:31 am: connected to database successfully

August 16, 2011, 7:31 am: connected to database successfully

August 16, 2011, 7:31 am: connected to database successfully

August 16, 2011, 7:31 am: main.php  loaded

August 16, 2011, 7:31 am: connected to database successfully

August 16, 2011, 7:31 am: Inserted the user with the following data :: Username = Guest-99 And ID = 1313797897 Default status  = I am available

August 16, 2011, 7:31 am: connected to database successfully

August 16, 2011, 7:31 am: connected to database successfully

August 16, 2011, 7:31 am: connected to database successfully

August 16, 2011, 7:31 am: connected to database successfully

August 16, 2011, 7:31 am: connected to database successfully

August 16, 2011, 7:31 am: connected to database successfully

August 16, 2011, 7:31 am: connected to database successfully

August 16, 2011, 7:31 am: connected to database successfully

August 16, 2011, 7:31 am: connected to database successfully

August 16, 2011, 7:31 am: connected to database successfully

August 16, 2011, 7:31 am: connected to database successfully

August 16, 2011, 7:31 am: connected to database successfully

August 16, 2011, 7:31 am: connected to database successfully

August 16, 2011, 7:31 am: connected to database successfully

August 16, 2011, 7:31 am: connected to database successfully

August 16, 2011, 7:31 am: connected to database successfully

August 16, 2011, 7:31 am: connected to database successfully

August 16, 2011, 7:31 am: connected to database successfully

August 16, 2011, 7:31 am: connected to database successfully

August 16, 2011, 7:31 am: connected to database successfully

August 16, 2011, 7:32 am: connected to database successfully

August 16, 2011, 7:32 am: connected to database successfully

August 16, 2011, 7:32 am: connected to database successfully

August 16, 2011, 7:32 am: connected to database successfully

August 16, 2011, 7:32 am: connected to database successfully

August 16, 2011, 7:32 am: connected to database successfully

August 16, 2011, 7:32 am: connected to database successfully

August 16, 2011, 7:32 am: connected to database successfully

August 16, 2011, 7:32 am: connected to database successfully

August 16, 2011, 7:32 am: connected to database successfully

August 16, 2011, 7:32 am: connected to database successfully

August 16, 2011, 7:32 am: connected to database successfully

August 16, 2011, 7:32 am: connected to database successfully

August 16, 2011, 7:32 am: connected to database successfully

August 16, 2011, 7:32 am: connected to database successfully

August 16, 2011, 7:32 am: connected to database successfully

August 16, 2011, 7:32 am: connected to database successfully

August 16, 2011, 7:32 am: connected to database successfully

August 16, 2011, 7:32 am: connected to database successfully

August 16, 2011, 7:32 am: connected to database successfully

August 16, 2011, 7:32 am: connected to database successfully

August 16, 2011, 7:32 am: connected to database successfully

August 16, 2011, 7:32 am: connected to database successfully

August 16, 2011, 7:32 am: connected to database successfully

August 16, 2011, 7:33 am: connected to database successfully

August 16, 2011, 7:33 am: connected to database successfully

August 16, 2011, 7:33 am: connected to database successfully

August 16, 2011, 7:33 am: connected to database successfully

August 16, 2011, 7:33 am: connected to database successfully

August 16, 2011, 7:33 am: connected to database successfully

August 16, 2011, 7:33 am: connected to database successfully

August 16, 2011, 7:33 am: connected to database successfully

August 16, 2011, 7:33 am: connected to database successfully

August 16, 2011, 7:33 am: connected to database successfully

August 16, 2011, 7:33 am: connected to database successfully

August 16, 2011, 7:33 am: connected to database successfully

August 16, 2011, 7:33 am: connected to database successfully

August 16, 2011, 7:33 am: connected to database successfully

August 16, 2011, 7:33 am: connected to database successfully

August 16, 2011, 7:33 am: connected to database successfully

August 16, 2011, 7:33 am: connected to database successfully

August 16, 2011, 7:33 am: connected to database successfully

August 16, 2011, 7:33 am: connected to database successfully

August 16, 2011, 7:33 am: connected to database successfully

August 16, 2011, 7:33 am: connected to database successfully

August 16, 2011, 7:33 am: connected to database successfully

August 16, 2011, 7:33 am: connected to database successfully

August 16, 2011, 7:33 am: connected to database successfully

August 16, 2011, 7:34 am: connected to database successfully

August 16, 2011, 7:34 am: connected to database successfully

August 16, 2011, 7:34 am: connected to database successfully

August 16, 2011, 7:34 am: connected to database successfully

August 16, 2011, 7:34 am: connected to database successfully

August 16, 2011, 7:34 am: connected to database successfully

August 16, 2011, 7:34 am: connected to database successfully

August 16, 2011, 7:34 am: connected to database successfully

August 16, 2011, 7:34 am: connected to database successfully

August 16, 2011, 7:34 am: connected to database successfully

August 16, 2011, 7:34 am: connected to database successfully

August 16, 2011, 7:34 am: connected to database successfully

August 16, 2011, 7:34 am: connected to database successfully

August 16, 2011, 7:34 am: connected to database successfully

August 16, 2011, 7:34 am: connected to database successfully

August 16, 2011, 7:34 am: connected to database successfully

August 16, 2011, 7:34 am: connected to database successfully

August 16, 2011, 7:34 am: connected to database successfully

August 16, 2011, 7:34 am: connected to database successfully

August 16, 2011, 7:34 am: connected to database successfully

August 16, 2011, 7:34 am: connected to database successfully

August 16, 2011, 7:35 am: connected to database successfully

August 16, 2011, 7:35 am: connected to database successfully

August 16, 2011, 7:35 am: connected to database successfully

August 16, 2011, 7:35 am: connected to database successfully

August 16, 2011, 7:35 am: connected to database successfully

August 16, 2011, 7:35 am: connected to database successfully

August 16, 2011, 7:35 am: connected to database successfully

August 16, 2011, 7:35 am: connected to database successfully

August 16, 2011, 7:35 am: connected to database successfully

August 16, 2011, 7:35 am: connected to database successfully

August 16, 2011, 7:35 am: connected to database successfully

August 16, 2011, 7:35 am: connected to database successfully

August 16, 2011, 7:36 am: connected to database successfully

August 16, 2011, 7:36 am: connected to database successfully

August 16, 2011, 7:36 am: main.php  loaded

August 16, 2011, 7:36 am: connected to database successfully

August 16, 2011, 7:36 am: connected to database successfully

August 16, 2011, 7:36 am: connected to database successfully

August 16, 2011, 7:36 am: connected to database successfully

August 16, 2011, 7:36 am: connected to database successfully

August 16, 2011, 7:36 am: connected to database successfully

August 16, 2011, 7:37 am: connected to database successfully

August 16, 2011, 7:37 am: connected to database successfully

August 16, 2011, 7:37 am: main.php  loaded

August 16, 2011, 7:37 am: connected to database successfully

August 16, 2011, 7:37 am: connected to database successfully

August 16, 2011, 7:37 am: connected to database successfully

August 16, 2011, 7:37 am: connected to database successfully

August 16, 2011, 7:37 am: connected to database successfully

August 16, 2011, 7:37 am: connected to database successfully

August 16, 2011, 7:37 am: connected to database successfully

August 16, 2011, 7:37 am: connected to database successfully

August 16, 2011, 7:37 am: connected to database successfully

August 16, 2011, 7:37 am: connected to database successfully

August 16, 2011, 7:37 am: connected to database successfully

August 16, 2011, 7:37 am: main.php  loaded

August 16, 2011, 7:37 am: connected to database successfully

August 16, 2011, 7:37 am: connected to database successfully

August 16, 2011, 7:37 am: connected to database successfully

August 16, 2011, 7:37 am: connected to database successfully

August 16, 2011, 7:37 am: connected to database successfully

August 16, 2011, 7:38 am: connected to database successfully

August 16, 2011, 7:38 am: connected to database successfully

August 16, 2011, 7:38 am: connected to database successfully

August 16, 2011, 7:38 am: connected to database successfully

August 16, 2011, 7:38 am: connected to database successfully

August 16, 2011, 7:38 am: connected to database successfully

August 16, 2011, 7:38 am: connected to database successfully

August 16, 2011, 7:38 am: connected to database successfully

August 16, 2011, 7:38 am: connected to database successfully

August 16, 2011, 7:38 am: connected to database successfully

August 16, 2011, 7:38 am: connected to database successfully

August 16, 2011, 7:38 am: connected to database successfully

August 16, 2011, 7:38 am: connected to database successfully

August 16, 2011, 7:39 am: connected to database successfully

August 16, 2011, 7:39 am: connected to database successfully

August 16, 2011, 7:39 am: connected to database successfully

August 16, 2011, 7:39 am: connected to database successfully

August 16, 2011, 7:39 am: connected to database successfully

August 16, 2011, 7:39 am: connected to database successfully

August 16, 2011, 7:39 am: connected to database successfully

August 16, 2011, 7:39 am: connected to database successfully

August 16, 2011, 7:39 am: connected to database successfully

August 16, 2011, 7:39 am: connected to database successfully

August 16, 2011, 7:39 am: connected to database successfully

August 16, 2011, 7:39 am: connected to database successfully

August 16, 2011, 7:39 am: connected to database successfully

August 16, 2011, 7:39 am: connected to database successfully

August 16, 2011, 7:39 am: connected to database successfully

August 16, 2011, 7:39 am: connected to database successfully

August 16, 2011, 7:39 am: connected to database successfully

August 16, 2011, 7:39 am: connected to database successfully

August 16, 2011, 7:39 am: connected to database successfully

August 16, 2011, 7:39 am: connected to database successfully

August 16, 2011, 7:39 am: connected to database successfully

August 16, 2011, 7:39 am: connected to database successfully

August 16, 2011, 7:39 am: connected to database successfully

August 16, 2011, 7:40 am: connected to database successfully

August 16, 2011, 7:40 am: connected to database successfully

August 16, 2011, 7:40 am: connected to database successfully

August 16, 2011, 7:40 am: connected to database successfully

August 16, 2011, 7:40 am: connected to database successfully

August 16, 2011, 7:40 am: connected to database successfully

August 16, 2011, 7:40 am: connected to database successfully

August 16, 2011, 7:40 am: connected to database successfully

August 16, 2011, 7:40 am: connected to database successfully

August 16, 2011, 7:40 am: connected to database successfully

August 16, 2011, 7:40 am: main.php  loaded

August 16, 2011, 7:40 am: connected to database successfully

August 16, 2011, 7:40 am: connected to database successfully

August 16, 2011, 7:40 am: connected to database successfully

August 16, 2011, 7:40 am: connected to database successfully

August 16, 2011, 7:40 am: connected to database successfully

August 16, 2011, 7:40 am: connected to database successfully

August 16, 2011, 7:40 am: connected to database successfully

August 16, 2011, 7:40 am: connected to database successfully

August 16, 2011, 7:40 am: connected to database successfully

August 16, 2011, 7:40 am: connected to database successfully

August 16, 2011, 7:40 am: connected to database successfully

August 16, 2011, 7:40 am: connected to database successfully

August 16, 2011, 7:40 am: connected to database successfully

August 16, 2011, 7:40 am: connected to database successfully

August 16, 2011, 7:40 am: connected to database successfully

August 16, 2011, 7:40 am: connected to database successfully
